
> employee-management-api@1.0.0 dev
> ts-node-dev --respawn --transpile-only src/server.ts

[INFO] 21:23:58 ts-node-dev ver. 2.0.0 (using ts-node ver. 10.9.2, typescript ver. 5.9.2)
Database connected successfully
✅ All services initialized and configured
Database migrations completed
Database migrations completed
🚀 Employee Management API is running!
📡 Server: http://localhost:3001
🏥 Health Check: http://localhost:3001/health
📚 API Docs: http://localhost:3001/api
🌍 Environment: development
🕐 Started at: 2025-09-05T18:23:58.938Z
2025-09-05T18:24:06.687Z - GET /api/health - IP: ::1
2025-09-05T18:24:06.689Z - GET / - Status: 404 - 2ms - 206 bytes
2025-09-05T18:24:12.867Z - GET /health - IP: ::1
2025-09-05T18:24:12.868Z - GET /health - Status: 200 - 1ms - 109 bytes
2025-09-05T18:24:41.819Z - GET /health - IP: ::1
2025-09-05T18:24:41.819Z - GET /health - Status: 200 - 0ms - 109 bytes
2025-09-05T18:24:41.820Z - GET /api/employees - IP: ::1
2025-09-05T18:24:41.829Z - GET / - Status: 200 - 9ms - 1300 bytes
2025-09-05T18:24:41.829Z - GET /api/departments - IP: ::1
2025-09-05T18:24:41.831Z - GET / - Status: 200 - 2ms - 2546 bytes
2025-09-05T18:24:41.834Z - POST /api/employees - IP: ::1
Error occurred: {
  message: 'Validation failed',
  stack: 'ApiError: Validation failed\n' +
    '    at handleValidationErrors (/Users/teemulinna/code/operating/src/middleware/validate.middleware.ts:9:11)\n' +
    '    at Layer.handle [as handle_request] (/Users/teemulinna/code/operating/node_modules/express/lib/router/layer.js:95:5)\n' +
    '    at next (/Users/teemulinna/code/operating/node_modules/express/lib/router/route.js:149:13)\n' +
    '    at middleware (/Users/teemulinna/code/operating/node_modules/express-validator/lib/middlewares/check.js:16:13)\n' +
    '    at processTicksAndRejections (node:internal/process/task_queues:105:5)',
  url: '/api/employees',
  method: 'POST',
  timestamp: '2025-09-05T18:24:41.836Z'
}
2025-09-05T18:24:41.837Z - POST /api/employees - Status: 400 - 3ms - 257 bytes
2025-09-05T18:24:41.837Z - GET /api/employees/undefined - IP: ::1
Error occurred: {
  message: 'Validation failed',
  stack: 'ApiError: Validation failed\n' +
    '    at handleValidationErrors (/Users/teemulinna/code/operating/src/middleware/validate.middleware.ts:9:11)\n' +
    '    at Layer.handle [as handle_request] (/Users/teemulinna/code/operating/node_modules/express/lib/router/layer.js:95:5)\n' +
    '    at next (/Users/teemulinna/code/operating/node_modules/express/lib/router/route.js:149:13)\n' +
    '    at middleware (/Users/teemulinna/code/operating/node_modules/express-validator/lib/middlewares/check.js:16:13)\n' +
    '    at processTicksAndRejections (node:internal/process/task_queues:105:5)',
  url: '/api/employees/undefined',
  method: 'GET',
  timestamp: '2025-09-05T18:24:41.838Z'
}
2025-09-05T18:24:41.838Z - GET /api/employees/undefined - Status: 400 - 1ms - 221 bytes
2025-09-05T18:24:41.838Z - PUT /api/employees/undefined - IP: ::1
Error occurred: {
  message: 'Validation failed',
  stack: 'ApiError: Validation failed\n' +
    '    at handleValidationErrors (/Users/teemulinna/code/operating/src/middleware/validate.middleware.ts:9:11)\n' +
    '    at Layer.handle [as handle_request] (/Users/teemulinna/code/operating/node_modules/express/lib/router/layer.js:95:5)\n' +
    '    at next (/Users/teemulinna/code/operating/node_modules/express/lib/router/route.js:149:13)\n' +
    '    at middleware (/Users/teemulinna/code/operating/node_modules/express-validator/lib/middlewares/check.js:16:13)\n' +
    '    at processTicksAndRejections (node:internal/process/task_queues:105:5)',
  url: '/api/employees/undefined',
  method: 'PUT',
  timestamp: '2025-09-05T18:24:41.838Z'
}
2025-09-05T18:24:41.838Z - PUT /api/employees/undefined - Status: 400 - 0ms - 221 bytes
2025-09-05T18:24:41.839Z - DELETE /api/employees/undefined - IP: ::1
Error occurred: {
  message: 'Validation failed',
  stack: 'ApiError: Validation failed\n' +
    '    at handleValidationErrors (/Users/teemulinna/code/operating/src/middleware/validate.middleware.ts:9:11)\n' +
    '    at Layer.handle [as handle_request] (/Users/teemulinna/code/operating/node_modules/express/lib/router/layer.js:95:5)\n' +
    '    at next (/Users/teemulinna/code/operating/node_modules/express/lib/router/route.js:149:13)\n' +
    '    at middleware (/Users/teemulinna/code/operating/node_modules/express-validator/lib/middlewares/check.js:16:13)\n' +
    '    at processTicksAndRejections (node:internal/process/task_queues:105:5)',
  url: '/api/employees/undefined',
  method: 'DELETE',
  timestamp: '2025-09-05T18:24:41.839Z'
}
2025-09-05T18:24:41.839Z - DELETE /api/employees/undefined - Status: 400 - 0ms - 221 bytes
2025-09-05T18:24:48.480Z - GET /api/employees - IP: ::1
2025-09-05T18:24:48.481Z - GET / - Status: 200 - 1ms - 1300 bytes
2025-09-05T18:24:54.665Z - GET /api/departments - IP: ::1
2025-09-05T18:24:54.666Z - GET / - Status: 200 - 1ms - 2546 bytes
2025-09-05T18:24:59.308Z - GET /api/departments - IP: ::1
2025-09-05T18:24:59.310Z - GET / - Status: 200 - 2ms - 2546 bytes
2025-09-05T18:26:45.405Z - GET /health - IP: ::1
2025-09-05T18:26:45.405Z - GET /health - Status: 200 - 0ms - 110 bytes
SIGTERM received, shutting down gracefully
Database disconnected
✅ All services shut down gracefully
Server shut down complete
